[debug] [2026-02-20T19:50:20.379Z] ----------------------------------------------------------------------
[debug] [2026-02-20T19:50:20.382Z] Command:       C:\Program Files\nodejs\node.exe C:\Users\abhis\AppData\Roaming\npm\node_modules\firebase-tools\lib\bin\firebase.js deploy --only firestore:indexes
[debug] [2026-02-20T19:50:20.382Z] CLI Version:   15.6.0
[debug] [2026-02-20T19:50:20.382Z] Platform:      win32
[debug] [2026-02-20T19:50:20.382Z] Node Version:  v24.4.1
[debug] [2026-02-20T19:50:20.382Z] Time:          Sat Feb 21 2026 01:20:20 GMT+0530 (India Standard Time)
[debug] [2026-02-20T19:50:20.383Z] ----------------------------------------------------------------------
[debug] 
[debug] [2026-02-20T19:50:20.384Z] >>> [apiv2][query] GET https://firebase-public.firebaseio.com/cli.json [none]
[error] 
[error] Error: No currently active project.
To run this command, you need to specify a project. You have two options:
- Run this command with --project <alias_or_project_id>.
- Set an active project by running firebase use --add, then rerun this command.
To list all the Firebase projects to which you have access, run firebase projects:list.
To learn about active projects for the CLI, visit https://firebase.google.com/docs/cli#project_aliases


[debug] [2026-02-20T19:50:30.336Z] ----------------------------------------------------------------------
[debug] [2026-02-20T19:50:30.338Z] Command:       C:\Program Files\nodejs\node.exe C:\Users\abhis\AppData\Roaming\npm\node_modules\firebase-tools\lib\bin\firebase.js projects:list
[debug] [2026-02-20T19:50:30.338Z] CLI Version:   15.6.0
[debug] [2026-02-20T19:50:30.338Z] Platform:      win32
[debug] [2026-02-20T19:50:30.338Z] Node Version:  v24.4.1
[debug] [2026-02-20T19:50:30.338Z] Time:          Sat Feb 21 2026 01:20:30 GMT+0530 (India Standard Time)
[debug] [2026-02-20T19:50:30.338Z] ----------------------------------------------------------------------
[debug] 
[debug] [2026-02-20T19:50:30.340Z] >>> [apiv2][query] GET https://firebase-public.firebaseio.com/cli.json [none]
[debug] [2026-02-20T19:50:30.500Z] > command requires scopes: ["email","openid","https://www.googleapis.com/auth/cloudplatformprojects.readonly","https://www.googleapis.com/auth/firebase","https://www.googleapis.com/auth/cloud-platform"]
[debug] [2026-02-20T19:50:30.500Z] > authorizing via signed-in user (abhishek98as@gmail.com)
[debug] [2026-02-20T19:50:30.502Z] Checked if tokens are valid: false, expires at: 1771339305566
[debug] [2026-02-20T19:50:30.502Z] Checked if tokens are valid: false, expires at: 1771339305566
[debug] [2026-02-20T19:50:30.502Z] > refreshing access token with scopes: []
[debug] [2026-02-20T19:50:30.503Z] >>> [apiv2][query] POST https://www.googleapis.com/oauth2/v3/token [none]
[debug] [2026-02-20T19:50:30.503Z] >>> [apiv2][body] POST https://www.googleapis.com/oauth2/v3/token [omitted]
[debug] [2026-02-20T19:50:30.663Z] <<< [apiv2][status] POST https://www.googleapis.com/oauth2/v3/token 200
[debug] [2026-02-20T19:50:30.663Z] <<< [apiv2][body] POST https://www.googleapis.com/oauth2/v3/token [omitted]
[debug] [2026-02-20T19:50:30.670Z] >>> [apiv2][query] GET https://firebase.googleapis.com/v1beta1/projects pageSize=1000
[debug] [2026-02-20T19:50:31.115Z] <<< [apiv2][status] GET https://firebase-public.firebaseio.com/cli.json 200
[debug] [2026-02-20T19:50:31.115Z] <<< [apiv2][body] GET https://firebase-public.firebaseio.com/cli.json {"cloudBuildErrorAfter":1594252800000,"cloudBuildWarnAfter":1590019200000,"defaultNode10After":1594252800000,"minVersion":"3.0.5","node8DeploysDisabledAfter":1613390400000,"node8RuntimeDisabledAfter":1615809600000,"node8WarnAfter":1600128000000}
[debug] [2026-02-20T19:50:31.315Z] <<< [apiv2][status] GET https://firebase.googleapis.com/v1beta1/projects 200
[debug] [2026-02-20T19:50:31.315Z] <<< [apiv2][body] GET https://firebase.googleapis.com/v1beta1/projects [omitted]
[info] ┌──────────────────────┬────────────────┬────────────────┬──────────────────────┐
│ Project Display Name │ Project ID     │ Project Number │ Resource Location ID │
├──────────────────────┼────────────────┼────────────────┼──────────────────────┤
│ CAMHDR               │ camhdr-9134c   │ 802125691326   │ us-east1             │
├──────────────────────┼────────────────┼────────────────┼──────────────────────┤
│ CAMHDR Utility       │ camhdr-utility │ 502155381924   │ [Not specified]      │
├──────────────────────┼────────────────┼────────────────┼──────────────────────┤
│ DooSplit             │ doosplit       │ 441906630101   │ [Not specified]      │
└──────────────────────┴────────────────┴────────────────┴──────────────────────┘
[info] 
[info] 3 project(s) total.
[debug] [2026-02-20T19:50:35.808Z] ----------------------------------------------------------------------
[debug] [2026-02-20T19:50:35.810Z] Command:       C:\Program Files\nodejs\node.exe C:\Users\abhis\AppData\Roaming\npm\node_modules\firebase-tools\lib\bin\firebase.js deploy --only firestore:indexes --project doosplit
[debug] [2026-02-20T19:50:35.810Z] CLI Version:   15.6.0
[debug] [2026-02-20T19:50:35.810Z] Platform:      win32
[debug] [2026-02-20T19:50:35.810Z] Node Version:  v24.4.1
[debug] [2026-02-20T19:50:35.811Z] Time:          Sat Feb 21 2026 01:20:35 GMT+0530 (India Standard Time)
[debug] [2026-02-20T19:50:35.811Z] ----------------------------------------------------------------------
[debug] 
[debug] [2026-02-20T19:50:37.012Z] > command requires scopes: ["email","openid","https://www.googleapis.com/auth/cloudplatformprojects.readonly","https://www.googleapis.com/auth/firebase","https://www.googleapis.com/auth/cloud-platform"]
[debug] [2026-02-20T19:50:37.012Z] > authorizing via signed-in user (abhishek98as@gmail.com)
[debug] [2026-02-20T19:50:37.012Z] [iam] checking project doosplit for permissions ["datastore.indexes.create","datastore.indexes.delete","datastore.indexes.list","datastore.indexes.update","firebase.projects.get"]
[debug] [2026-02-20T19:50:37.013Z] Checked if tokens are valid: true, expires at: 1771620629663
[debug] [2026-02-20T19:50:37.013Z] Checked if tokens are valid: true, expires at: 1771620629663
[debug] [2026-02-20T19:50:37.014Z] >>> [apiv2][query] POST https://cloudresourcemanager.googleapis.com/v1/projects/doosplit:testIamPermissions [none]
[debug] [2026-02-20T19:50:37.014Z] >>> [apiv2][(partial)header] POST https://cloudresourcemanager.googleapis.com/v1/projects/doosplit:testIamPermissions  x-goog-user-project=doosplit
[debug] [2026-02-20T19:50:37.014Z] >>> [apiv2][body] POST https://cloudresourcemanager.googleapis.com/v1/projects/doosplit:testIamPermissions {"permissions":["datastore.indexes.create","datastore.indexes.delete","datastore.indexes.list","datastore.indexes.update","firebase.projects.get"]}
[debug] [2026-02-20T19:50:38.540Z] <<< [apiv2][status] POST https://cloudresourcemanager.googleapis.com/v1/projects/doosplit:testIamPermissions 200
[debug] [2026-02-20T19:50:38.540Z] <<< [apiv2][body] POST https://cloudresourcemanager.googleapis.com/v1/projects/doosplit:testIamPermissions {"permissions":["datastore.indexes.create","datastore.indexes.delete","datastore.indexes.list","datastore.indexes.update","firebase.projects.get"]}
[info] 
[info] === Deploying to 'doosplit'...
[info] 
[info] i  deploying firestore 
[info] i  firestore: ensuring required API firestore.googleapis.com is enabled... 
[info] i  firestore: ensuring required API firestore.googleapis.com is enabled... 
[debug] [2026-02-20T19:50:38.543Z] Checked if tokens are valid: true, expires at: 1771620629663
[debug] [2026-02-20T19:50:38.543Z] Checked if tokens are valid: true, expires at: 1771620629663
[debug] [2026-02-20T19:50:38.543Z] >>> [apiv2][query] GET https://firestore.googleapis.com/v1/projects/doosplit/databases/doosplit [none]
[debug] [2026-02-20T19:50:38.720Z] <<< [apiv2][status] GET https://firestore.googleapis.com/v1/projects/doosplit/databases/doosplit 200
[debug] [2026-02-20T19:50:38.720Z] <<< [apiv2][body] GET https://firestore.googleapis.com/v1/projects/doosplit/databases/doosplit {"name":"projects/doosplit/databases/doosplit","uid":"1516b59d-b258-4d79-ac43-ce605856fa3a","createTime":"2026-02-15T08:42:13.556884Z","updateTime":"2026-02-15T08:42:13.556884Z","locationId":"asia-south2","type":"FIRESTORE_NATIVE","concurrencyMode":"PESSIMISTIC","versionRetentionPeriod":"3600s","earliestVersionTime":"2026-02-20T18:50:41.550138Z","appEngineIntegrationMode":"DISABLED","pointInTimeRecoveryEnablement":"POINT_IN_TIME_RECOVERY_DISABLED","deleteProtectionState":"DELETE_PROTECTION_DISABLED","databaseEdition":"STANDARD","freeTier":false,"realtimeUpdatesMode":"REALTIME_UPDATES_MODE_ENABLED","etag":"IICTwuPr6JIDMOysrtqF5JID"}
[info] i  firestore: reading indexes from firestore.indexes.json... 
[info] i  cloud.firestore: checking firestore.rules for compilation errors... 
[debug] [2026-02-20T19:50:38.723Z] Checked if tokens are valid: true, expires at: 1771620629663
[debug] [2026-02-20T19:50:38.723Z] Checked if tokens are valid: true, expires at: 1771620629663
[debug] [2026-02-20T19:50:38.723Z] >>> [apiv2][query] POST https://firebaserules.googleapis.com/v1/projects/doosplit:test [none]
[debug] [2026-02-20T19:50:38.723Z] >>> [apiv2][body] POST https://firebaserules.googleapis.com/v1/projects/doosplit:test [omitted]
[debug] [2026-02-20T19:50:40.167Z] <<< [apiv2][status] POST https://firebaserules.googleapis.com/v1/projects/doosplit:test 200
[debug] [2026-02-20T19:50:40.168Z] <<< [apiv2][body] POST https://firebaserules.googleapis.com/v1/projects/doosplit:test {}
[info] +  cloud.firestore: rules file firestore.rules compiled successfully 
[info] i  firestore: deploying indexes... 
[debug] [2026-02-20T19:50:40.170Z] Checked if tokens are valid: true, expires at: 1771620629663
[debug] [2026-02-20T19:50:40.170Z] Checked if tokens are valid: true, expires at: 1771620629663
[debug] [2026-02-20T19:50:40.170Z] >>> [apiv2][query] GET https://firestore.googleapis.com/v1/projects/doosplit/databases/doosplit/collectionGroups/-/indexes [none]
[debug] [2026-02-20T19:50:40.290Z] <<< [apiv2][status] GET https://firestore.googleapis.com/v1/projects/doosplit/databases/doosplit/collectionGroups/-/indexes 200
[debug] [2026-02-20T19:50:40.290Z] <<< [apiv2][body] GET https://firestore.googleapis.com/v1/projects/doosplit/databases/doosplit/collectionGroups/-/indexes {"indexes":[{"name":"projects/doosplit/databases/doosplit/collectionGroups/notifications/indexes/CICAgOjXh8EI","queryScope":"COLLECTION","fields":[{"fieldPath":"user_id","order":"ASCENDING"},{"fieldPath":"is_read","order":"ASCENDING"},{"fieldPath":"created_at","order":"DESCENDING"},{"fieldPath":"__name__","order":"DESCENDING"}],"state":"READY","density":"SPARSE_ALL"},{"name":"projects/doosplit/databases/doosplit/collectionGroups/payment_reminders/indexes/CICAgJjF9sII","queryScope":"COLLECTION","fields":[{"fieldPath":"to_user_id","order":"ASCENDING"},{"fieldPath":"status","order":"ASCENDING"},{"fieldPath":"created_at","order":"DESCENDING"},{"fieldPath":"__name__","order":"DESCENDING"}],"state":"READY","density":"SPARSE_ALL"},{"name":"projects/doosplit/databases/doosplit/collectionGroups/invitations/indexes/CICAgJjFqdMI","queryScope":"COLLECTION","fields":[{"fieldPath":"email","order":"ASCENDING"},{"fieldPath":"status","order":"ASCENDING"},{"fieldPath":"created_at","order":"DESCENDING"},{"fieldPath":"__name__","order":"DESCENDING"}],"state":"READY","density":"SPARSE_ALL"},{"name":"projects/doosplit/databases/doosplit/collectionGroups/expenses/indexes/CICAgJim14AJ","queryScope":"COLLECTION","fields":[{"fieldPath":"created_by","order":"ASCENDING"},{"fieldPath":"group_id","order":"ASCENDING"},{"fieldPath":"date","order":"DESCENDING"},{"fieldPath":"__name__","order":"DESCENDING"}],"state":"READY","density":"SPARSE_ALL"},{"name":"projects/doosplit/databases/doosplit/collectionGroups/groups/indexes/CICAgOjXh4EJ","queryScope":"COLLECTION","fields":[{"fieldPath":"created_by","order":"ASCENDING"},{"fieldPath":"is_active","order":"ASCENDING"},{"fieldPath":"created_at","order":"DESCENDING"},{"fieldPath":"__name__","order":"DESCENDING"}],"state":"READY","density":"SPARSE_ALL"},{"name":"projects/doosplit/databases/doosplit/collectionGroups/group_members/indexes/CICAgJjF9oIJ","queryScope":"COLLECTION","fields":[{"fieldPath":"group_id","order":"ASCENDING"},{"fieldPath":"role","order":"ASCENDING"},{"fieldPath":"__name__","order":"ASCENDING"}],"state":"READY","density":"SPARSE_ALL"},{"name":"projects/doosplit/databases/doosplit/collectionGroups/settlements/indexes/CICAgJiUpoMJ","queryScope":"COLLECTION","fields":[{"fieldPath":"to_user_id","order":"ASCENDING"},{"fieldPath":"date","order":"DESCENDING"},{"fieldPath":"__name__","order":"DESCENDING"}],"state":"READY","density":"SPARSE_ALL"},{"name":"projects/doosplit/databases/doosplit/collectionGroups/expense_participants/indexes/CICAgJjFqZMJ","queryScope":"COLLECTION","fields":[{"fieldPath":"expense_id","order":"ASCENDING"},{"fieldPath":"user_id","order":"ASCENDING"},{"fieldPath":"__name__","order":"ASCENDING"}],"state":"READY","density":"SPARSE_ALL"},{"name":"projects/doosplit/databases/doosplit/collectionGroups/group_members/indexes/CICAgJim14AK","queryScope":"COLLECTION","fields":[{"fieldPath":"user_id","order":"ASCENDING"},{"fieldPath":"group_id","order":"ASCENDING"},{"fieldPath":"__name__","order":"ASCENDING"}],"state":"READY","density":"SPARSE_ALL"},{"name":"projects/doosplit/databases/doosplit/collectionGroups/friendships/indexes/CICAgOjXh4EK","queryScope":"COLLECTION","fields":[{"fieldPath":"user_id","order":"ASCENDING"},{"fieldPath":"status","order":"ASCENDING"},{"fieldPath":"created_at","order":"DESCENDING"},{"fieldPath":"__name__","order":"DESCENDING"}],"state":"READY","density":"SPARSE_ALL"},{"name":"projects/doosplit/databases/doosplit/collectionGroups/group_members/indexes/CICAgJjF9oIK","queryScope":"COLLECTION","fields":[{"fieldPath":"group_id","order":"ASCENDING"},{"fieldPath":"user_id","order":"ASCENDING"},{"fieldPath":"__name__","order":"ASCENDING"}],"state":"READY","density":"SPARSE_ALL"},{"name":"projects/doosplit/databases/doosplit/collectionGroups/friendships/indexes/CICAgJiUpoMK","queryScope":"COLLECTION","fields":[{"fieldPath":"user_id","order":"ASCENDING"},{"fieldPath":"friend_id","order":"ASCENDING"},{"fieldPath":"status","order":"ASCENDING"},{"fieldPath":"__name__","order":"ASCENDING"}],"state":"READY","density":"SPARSE_ALL"},{"name":"projects/doosplit/databases/doosplit/collectionGroups/friendships/indexes/CICAgOi3kJAK","queryScope":"COLLECTION","fields":[{"fieldPath":"friend_id","order":"ASCENDING"},{"fieldPath":"status","order":"ASCENDING"},{"fieldPath":"created_at","order":"DESCENDING"},{"fieldPath":"__name__","order":"DESCENDING"}],"state":"READY","density":"SPARSE_ALL"},{"name":"projects/doosplit/databases/doosplit/collectionGroups/expenses/indexes/CICAgJjmiJEK","queryScope":"COLLECTION","fields":[{"fieldPath":"created_by","order":"ASCENDING"},{"fieldPath":"is_deleted","order":"ASCENDING"},{"fieldPath":"date","order":"DESCENDING"},{"fieldPath":"__name__","order":"DESCENDING"}],"state":"READY","density":"SPARSE_ALL"},{"name":"projects/doosplit/databases/doosplit/collectionGroups/expenses/indexes/CICAgJjFqZMK","queryScope":"COLLECTION","fields":[{"fieldPath":"group_id","order":"ASCENDING"},{"fieldPath":"is_deleted","order":"ASCENDING"},{"fieldPath":"date","order":"DESCENDING"},{"fieldPath":"__name__","order":"DESCENDING"}],"state":"READY","density":"SPARSE_ALL"},{"name":"projects/doosplit/databases/doosplit/collectionGroups/payment_reminders/indexes/CICAgOjXh8EK","queryScope":"COLLECTION","fields":[{"fieldPath":"from_user_id","order":"ASCENDING"},{"fieldPath":"status","order":"ASCENDING"},{"fieldPath":"created_at","order":"DESCENDING"},{"fieldPath":"__name__","order":"DESCENDING"}],"state":"READY","density":"SPARSE_ALL"},{"name":"projects/doosplit/databases/doosplit/collectionGroups/settlements/indexes/CICAgJim14AL","queryScope":"COLLECTION","fields":[{"fieldPath":"group_id","order":"ASCENDING"},{"fieldPath":"date","order":"DESCENDING"},{"fieldPath":"__name__","order":"DESCENDING"}],"state":"READY","density":"SPARSE_ALL"},{"name":"projects/doosplit/databases/doosplit/collectionGroups/expense_participants/indexes/CICAgOjXh4EL","queryScope":"COLLECTION","fields":[{"fieldPath":"user_id","order":"ASCENDING"},{"fieldPath":"expense_id","order":"ASCENDING"},{"fieldPath":"__name__","order":"ASCENDING"}],"state":"READY","density":"SPARSE_ALL"},{"name":"projects/doosplit/databases/doosplit/collectionGroups/settlements/indexes/CICAgJjF9oIL","queryScope":"COLLECTION","fields":[{"fieldPath":"from_user_id","order":"ASCENDING"},{"fieldPath":"date","order":"DESCENDING"},{"fieldPath":"__name__","order":"DESCENDING"}],"state":"READY","density":"SPARSE_ALL"},{"name":"projects/doosplit/databases/doosplit/collectionGroups/notifications/indexes/CICAgJiUpoML","queryScope":"COLLECTION","fields":[{"fieldPath":"user_id","order":"ASCENDING"},{"fieldPath":"created_at","order":"DESCENDING"},{"fieldPath":"__name__","order":"DESCENDING"}],"state":"READY","density":"SPARSE_ALL"},{"name":"projects/doosplit/databases/doosplit/collectionGroups/invitations/indexes/CICAgJjFqZML","queryScope":"COLLECTION","fields":[{"fieldPath":"invited_by","order":"ASCENDING"},{"fieldPath":"created_at","order":"DESCENDING"},{"fieldPath":"__name__","order":"DESCENDING"}],"state":"READY","density":"SPARSE_ALL"}]}
[debug] [2026-02-20T19:50:40.290Z] Checked if tokens are valid: true, expires at: 1771620629663
[debug] [2026-02-20T19:50:40.290Z] Checked if tokens are valid: true, expires at: 1771620629663
[debug] [2026-02-20T19:50:40.290Z] >>> [apiv2][query] GET https://firestore.googleapis.com/v1/projects/doosplit/databases/doosplit/collectionGroups/-/fields?filter=indexConfig.usesAncestorConfig=false OR ttlConfig:* [none]
[debug] [2026-02-20T19:50:40.331Z] <<< [apiv2][status] GET https://firestore.googleapis.com/v1/projects/doosplit/databases/doosplit/collectionGroups/-/fields?filter=indexConfig.usesAncestorConfig=false OR ttlConfig:* 200
[debug] [2026-02-20T19:50:40.331Z] <<< [apiv2][body] GET https://firestore.googleapis.com/v1/projects/doosplit/databases/doosplit/collectionGroups/-/fields?filter=indexConfig.usesAncestorConfig=false OR ttlConfig:* {"fields":[{"name":"projects/doosplit/databases/doosplit/collectionGroups/__default__/fields/*","indexConfig":{"indexes":[{"queryScope":"COLLECTION","fields":[{"fieldPath":"*","order":"ASCENDING"}],"state":"READY"},{"queryScope":"COLLECTION","fields":[{"fieldPath":"*","order":"DESCENDING"}],"state":"READY"},{"queryScope":"COLLECTION","fields":[{"fieldPath":"*","arrayConfig":"CONTAINS"}],"state":"READY"}]}}]}
[debug] [2026-02-20T19:50:40.331Z] Checked if tokens are valid: true, expires at: 1771620629663
[debug] [2026-02-20T19:50:40.331Z] Checked if tokens are valid: true, expires at: 1771620629663
[debug] [2026-02-20T19:50:40.331Z] >>> [apiv2][query] GET https://firestore.googleapis.com/v1/projects/doosplit/databases/doosplit [none]
[debug] [2026-02-20T19:50:40.366Z] <<< [apiv2][status] GET https://firestore.googleapis.com/v1/projects/doosplit/databases/doosplit 200
[debug] [2026-02-20T19:50:40.367Z] <<< [apiv2][body] GET https://firestore.googleapis.com/v1/projects/doosplit/databases/doosplit {"name":"projects/doosplit/databases/doosplit","uid":"1516b59d-b258-4d79-ac43-ce605856fa3a","createTime":"2026-02-15T08:42:13.556884Z","updateTime":"2026-02-15T08:42:13.556884Z","locationId":"asia-south2","type":"FIRESTORE_NATIVE","concurrencyMode":"PESSIMISTIC","versionRetentionPeriod":"3600s","earliestVersionTime":"2026-02-20T18:50:43.197797Z","appEngineIntegrationMode":"DISABLED","pointInTimeRecoveryEnablement":"POINT_IN_TIME_RECOVERY_DISABLED","deleteProtectionState":"DELETE_PROTECTION_DISABLED","databaseEdition":"STANDARD","freeTier":false,"realtimeUpdatesMode":"REALTIME_UPDATES_MODE_ENABLED","etag":"IKvZpuTr6JIDMOysrtqF5JID"}
[debug] [2026-02-20T19:50:40.367Z] Skipping existing index: {"collectionGroup":"friendships","queryScope":"COLLECTION","fields":[{"fieldPath":"user_id","order":"ASCENDING"},{"fieldPath":"status","order":"ASCENDING"},{"fieldPath":"created_at","order":"DESCENDING"},{"fieldPath":"__name__","order":"DESCENDING"}]}
[debug] [2026-02-20T19:50:40.367Z] Skipping existing index: {"collectionGroup":"friendships","queryScope":"COLLECTION","fields":[{"fieldPath":"friend_id","order":"ASCENDING"},{"fieldPath":"status","order":"ASCENDING"},{"fieldPath":"created_at","order":"DESCENDING"},{"fieldPath":"__name__","order":"DESCENDING"}]}
[debug] [2026-02-20T19:50:40.368Z] Skipping existing index: {"collectionGroup":"friendships","queryScope":"COLLECTION","fields":[{"fieldPath":"user_id","order":"ASCENDING"},{"fieldPath":"friend_id","order":"ASCENDING"},{"fieldPath":"status","order":"ASCENDING"},{"fieldPath":"__name__","order":"ASCENDING"}]}
[debug] [2026-02-20T19:50:40.368Z] Skipping existing index: {"collectionGroup":"groups","queryScope":"COLLECTION","fields":[{"fieldPath":"created_by","order":"ASCENDING"},{"fieldPath":"is_active","order":"ASCENDING"},{"fieldPath":"created_at","order":"DESCENDING"},{"fieldPath":"__name__","order":"DESCENDING"}]}
[debug] [2026-02-20T19:50:40.368Z] Skipping existing index: {"collectionGroup":"group_members","queryScope":"COLLECTION","fields":[{"fieldPath":"user_id","order":"ASCENDING"},{"fieldPath":"group_id","order":"ASCENDING"},{"fieldPath":"__name__","order":"ASCENDING"}]}
[debug] [2026-02-20T19:50:40.368Z] Skipping existing index: {"collectionGroup":"group_members","queryScope":"COLLECTION","fields":[{"fieldPath":"group_id","order":"ASCENDING"},{"fieldPath":"user_id","order":"ASCENDING"},{"fieldPath":"__name__","order":"ASCENDING"}]}
[debug] [2026-02-20T19:50:40.368Z] Skipping existing index: {"collectionGroup":"group_members","queryScope":"COLLECTION","fields":[{"fieldPath":"group_id","order":"ASCENDING"},{"fieldPath":"role","order":"ASCENDING"},{"fieldPath":"__name__","order":"ASCENDING"}]}
[debug] [2026-02-20T19:50:40.368Z] Skipping existing index: {"collectionGroup":"expenses","queryScope":"COLLECTION","fields":[{"fieldPath":"created_by","order":"ASCENDING"},{"fieldPath":"is_deleted","order":"ASCENDING"},{"fieldPath":"date","order":"DESCENDING"},{"fieldPath":"__name__","order":"DESCENDING"}]}
[debug] [2026-02-20T19:50:40.368Z] Skipping existing index: {"collectionGroup":"expenses","queryScope":"COLLECTION","fields":[{"fieldPath":"group_id","order":"ASCENDING"},{"fieldPath":"is_deleted","order":"ASCENDING"},{"fieldPath":"date","order":"DESCENDING"},{"fieldPath":"__name__","order":"DESCENDING"}]}
[debug] [2026-02-20T19:50:40.368Z] Skipping existing index: {"collectionGroup":"expenses","queryScope":"COLLECTION","fields":[{"fieldPath":"created_by","order":"ASCENDING"},{"fieldPath":"group_id","order":"ASCENDING"},{"fieldPath":"date","order":"DESCENDING"},{"fieldPath":"__name__","order":"DESCENDING"}]}
[debug] [2026-02-20T19:50:40.368Z] Skipping existing index: {"collectionGroup":"expense_participants","queryScope":"COLLECTION","fields":[{"fieldPath":"user_id","order":"ASCENDING"},{"fieldPath":"expense_id","order":"ASCENDING"},{"fieldPath":"__name__","order":"ASCENDING"}]}
[debug] [2026-02-20T19:50:40.368Z] Skipping existing index: {"collectionGroup":"expense_participants","queryScope":"COLLECTION","fields":[{"fieldPath":"expense_id","order":"ASCENDING"},{"fieldPath":"user_id","order":"ASCENDING"},{"fieldPath":"__name__","order":"ASCENDING"}]}
[debug] [2026-02-20T19:50:40.368Z] Skipping existing index: {"collectionGroup":"settlements","queryScope":"COLLECTION","fields":[{"fieldPath":"from_user_id","order":"ASCENDING"},{"fieldPath":"date","order":"DESCENDING"},{"fieldPath":"__name__","order":"DESCENDING"}]}
[debug] [2026-02-20T19:50:40.368Z] Skipping existing index: {"collectionGroup":"settlements","queryScope":"COLLECTION","fields":[{"fieldPath":"to_user_id","order":"ASCENDING"},{"fieldPath":"date","order":"DESCENDING"},{"fieldPath":"__name__","order":"DESCENDING"}]}
[debug] [2026-02-20T19:50:40.368Z] Skipping existing index: {"collectionGroup":"settlements","queryScope":"COLLECTION","fields":[{"fieldPath":"group_id","order":"ASCENDING"},{"fieldPath":"date","order":"DESCENDING"},{"fieldPath":"__name__","order":"DESCENDING"}]}
[debug] [2026-02-20T19:50:40.368Z] Skipping existing index: {"collectionGroup":"notifications","queryScope":"COLLECTION","fields":[{"fieldPath":"user_id","order":"ASCENDING"},{"fieldPath":"is_read","order":"ASCENDING"},{"fieldPath":"created_at","order":"DESCENDING"},{"fieldPath":"__name__","order":"DESCENDING"}]}
[debug] [2026-02-20T19:50:40.368Z] Skipping existing index: {"collectionGroup":"notifications","queryScope":"COLLECTION","fields":[{"fieldPath":"user_id","order":"ASCENDING"},{"fieldPath":"created_at","order":"DESCENDING"},{"fieldPath":"__name__","order":"DESCENDING"}]}
[debug] [2026-02-20T19:50:40.369Z] Skipping existing index: {"collectionGroup":"invitations","queryScope":"COLLECTION","fields":[{"fieldPath":"invited_by","order":"ASCENDING"},{"fieldPath":"created_at","order":"DESCENDING"},{"fieldPath":"__name__","order":"DESCENDING"}]}
[debug] [2026-02-20T19:50:40.369Z] Creating new index: {"collectionGroup":"invitations","queryScope":"COLLECTION","fields":[{"fieldPath":"invited_by","order":"ASCENDING"},{"fieldPath":"email_normalized","order":"ASCENDING"},{"fieldPath":"__name__","order":"ASCENDING"}]}
[debug] [2026-02-20T19:50:40.369Z] Checked if tokens are valid: true, expires at: 1771620629663
[debug] [2026-02-20T19:50:40.369Z] Checked if tokens are valid: true, expires at: 1771620629663
[debug] [2026-02-20T19:50:40.369Z] >>> [apiv2][query] POST https://firestore.googleapis.com/v1/projects/doosplit/databases/doosplit/collectionGroups/invitations/indexes [none]
[debug] [2026-02-20T19:50:40.369Z] >>> [apiv2][body] POST https://firestore.googleapis.com/v1/projects/doosplit/databases/doosplit/collectionGroups/invitations/indexes {"fields":[{"fieldPath":"invited_by","order":"ASCENDING"},{"fieldPath":"email_normalized","order":"ASCENDING"},{"fieldPath":"__name__","order":"ASCENDING"}],"queryScope":"COLLECTION"}
[debug] [2026-02-20T19:50:40.501Z] <<< [apiv2][status] POST https://firestore.googleapis.com/v1/projects/doosplit/databases/doosplit/collectionGroups/invitations/indexes 200
[debug] [2026-02-20T19:50:40.501Z] <<< [apiv2][body] POST https://firestore.googleapis.com/v1/projects/doosplit/databases/doosplit/collectionGroups/invitations/indexes {"name":"projects/doosplit/databases/doosplit/operations/S29ZdkZqSmdBQ0lDDCoDIDE3NDdlYzQ5YTk0ZC03NjhhLTM2ZjQtOTUwYy05YjdlODNhZCQac2VuaWxlcGlwCQpBEg","metadata":{"@type":"type.googleapis.com/google.firestore.admin.v1.IndexOperationMetadata","startTime":"2026-02-20T19:50:43.317068Z","index":"projects/doosplit/databases/doosplit/collectionGroups/invitations/indexes/CICAgJjFvYoK","state":"INITIALIZING"}}
[debug] [2026-02-20T19:50:40.502Z] Creating new index: {"collectionGroup":"invitations","queryScope":"COLLECTION","fields":[{"fieldPath":"invited_by","order":"ASCENDING"},{"fieldPath":"email","order":"ASCENDING"},{"fieldPath":"__name__","order":"ASCENDING"}]}
[debug] [2026-02-20T19:50:40.502Z] Checked if tokens are valid: true, expires at: 1771620629663
[debug] [2026-02-20T19:50:40.502Z] Checked if tokens are valid: true, expires at: 1771620629663
[debug] [2026-02-20T19:50:40.502Z] >>> [apiv2][query] POST https://firestore.googleapis.com/v1/projects/doosplit/databases/doosplit/collectionGroups/invitations/indexes [none]
[debug] [2026-02-20T19:50:40.502Z] >>> [apiv2][body] POST https://firestore.googleapis.com/v1/projects/doosplit/databases/doosplit/collectionGroups/invitations/indexes {"fields":[{"fieldPath":"invited_by","order":"ASCENDING"},{"fieldPath":"email","order":"ASCENDING"},{"fieldPath":"__name__","order":"ASCENDING"}],"queryScope":"COLLECTION"}
[debug] [2026-02-20T19:50:40.630Z] <<< [apiv2][status] POST https://firestore.googleapis.com/v1/projects/doosplit/databases/doosplit/collectionGroups/invitations/indexes 200
[debug] [2026-02-20T19:50:40.630Z] <<< [apiv2][body] POST https://firestore.googleapis.com/v1/projects/doosplit/databases/doosplit/collectionGroups/invitations/indexes {"name":"projects/doosplit/databases/doosplit/operations/S0U0ejdqSmdBQ0lDDCoDIGMwMzQ3ODE4M2RlMS00ZmQ4LTQ4ZDQtNjJkOS00ZWRjYjIwMyQac2VuaWxlcGlwCQpBEg","metadata":{"@type":"type.googleapis.com/google.firestore.admin.v1.IndexOperationMetadata","startTime":"2026-02-20T19:50:43.443327Z","index":"projects/doosplit/databases/doosplit/collectionGroups/invitations/indexes/CICAgJj7z4EK","state":"INITIALIZING"}}
[debug] [2026-02-20T19:50:40.630Z] Skipping existing index: {"collectionGroup":"invitations","queryScope":"COLLECTION","fields":[{"fieldPath":"email","order":"ASCENDING"},{"fieldPath":"status","order":"ASCENDING"},{"fieldPath":"created_at","order":"DESCENDING"},{"fieldPath":"__name__","order":"DESCENDING"}]}
[debug] [2026-02-20T19:50:40.630Z] Skipping existing index: {"collectionGroup":"payment_reminders","queryScope":"COLLECTION","fields":[{"fieldPath":"to_user_id","order":"ASCENDING"},{"fieldPath":"status","order":"ASCENDING"},{"fieldPath":"created_at","order":"DESCENDING"},{"fieldPath":"__name__","order":"DESCENDING"}]}
[debug] [2026-02-20T19:50:40.630Z] Skipping existing index: {"collectionGroup":"payment_reminders","queryScope":"COLLECTION","fields":[{"fieldPath":"from_user_id","order":"ASCENDING"},{"fieldPath":"status","order":"ASCENDING"},{"fieldPath":"created_at","order":"DESCENDING"},{"fieldPath":"__name__","order":"DESCENDING"}]}
[info] +  firestore: deployed indexes in firestore.indexes.json successfully for doosplit database 
[info] 
[info] +  Deploy complete! 
[info] 
[info] Project Console: https://console.firebase.google.com/project/doosplit/overview
